[0m14:21:30.509439 [debug] [MainThread]: Sending event: {'category': 'dbt', 'action': 'invocation', 'label': 'start', 'context': [<snowplow_tracker.self_describing_json.SelfDescribingJson object at 0x000001511C002660>, <snowplow_tracker.self_describing_json.SelfDescribingJson object at 0x000001511CFAF890>, <snowplow_tracker.self_describing_json.SelfDescribingJson object at 0x000001511D18FD90>]}


============================== 14:21:30.515215 | b533f207-d6f2-4b4f-989d-881f1136a55d ==============================
[0m14:21:30.515215 [info ] [MainThread]: Running with dbt=1.9.7
[0m14:21:30.515809 [debug] [MainThread]: running dbt with arguments {'printer_width': '80', 'indirect_selection': 'eager', 'log_cache_events': 'False', 'write_json': 'True', 'partial_parse': 'True', 'cache_selected_only': 'False', 'profiles_dir': 'C:\\Users\\Tcala\\.dbt', 'version_check': 'True', 'fail_fast': 'False', 'log_path': 'logs', 'debug': 'False', 'warn_error': 'None', 'use_colors': 'True', 'use_experimental_parser': 'False', 'no_print': 'None', 'quiet': 'False', 'empty': 'None', 'warn_error_options': 'WarnErrorOptions(include=[], exclude=[])', 'static_parser': 'True', 'invocation_command': 'dbt init', 'log_format': 'default', 'target_path': 'None', 'introspect': 'True', 'send_anonymous_usage_stats': 'True'}
[0m14:21:41.845551 [debug] [MainThread]: Starter project path: C:\Users\Tcala\OneDrive\Documents\Slipstream\dbt_workspace\dbt_venv\Lib\site-packages\dbt\include\starter_project
[0m14:21:41.871931 [info ] [MainThread]: 
Your new dbt project "dbt_proj" was created!

For more information on how to configure the profiles.yml file,
please consult the dbt documentation here:

  https://docs.getdbt.com/docs/configure-your-profile

One more thing:

Need help? Don't hesitate to reach out to us via GitHub issues or on Slack:

  https://community.getdbt.com/

Happy modeling!

[0m14:21:41.873304 [info ] [MainThread]: Setting up your profile.
[0m14:24:46.476867 [error] [MainThread]: Encountered an error:

[0m14:24:46.479580 [error] [MainThread]: Traceback (most recent call last):
  File "C:\Users\Tcala\OneDrive\Documents\Slipstream\dbt_workspace\dbt_venv\Lib\site-packages\dbt\cli\requires.py", line 153, in wrapper
    result, success = func(*args, **kwargs)
                      ~~~~^^^^^^^^^^^^^^^^^
  File "C:\Users\Tcala\OneDrive\Documents\Slipstream\dbt_workspace\dbt_venv\Lib\site-packages\dbt\cli\requires.py", line 103, in wrapper
    return func(*args, **kwargs)
  File "C:\Users\Tcala\OneDrive\Documents\Slipstream\dbt_workspace\dbt_venv\Lib\site-packages\dbt\cli\main.py", line 477, in init
    results = task.run()
  File "C:\Users\Tcala\OneDrive\Documents\Slipstream\dbt_workspace\dbt_venv\Lib\site-packages\dbt\task\init.py", line 346, in run
    self.setup_profile(profile_name)
    ~~~~~~~~~~~~~~~~~~^^^^^^^^^^^^^^
  File "C:\Users\Tcala\OneDrive\Documents\Slipstream\dbt_workspace\dbt_venv\Lib\site-packages\dbt\task\init.py", line 262, in setup_profile
    self.create_profile_from_target(adapter, profile_name=profile_name)
    ~~~~~~~~~~~~~~~~~~~~~~~~~~~~~~~^^^^^^^^^^^^^^^^^^^^^^^^^^^^^^^^^^^^
  File "C:\Users\Tcala\OneDrive\Documents\Slipstream\dbt_workspace\dbt_venv\Lib\site-packages\dbt\task\init.py", line 179, in create_profile_from_target
    self.create_profile_from_profile_template(profile_template, profile_name)
    ~~~~~~~~~~~~~~~~~~~~~~~~~~~~~~~~~~~~~~~~~^^^^^^^^^^^^^^^^^^^^^^^^^^^^^^^^
  File "C:\Users\Tcala\OneDrive\Documents\Slipstream\dbt_workspace\dbt_venv\Lib\site-packages\dbt\task\init.py", line 163, in create_profile_from_profile_template
    target = self.generate_target_from_input(prompts, initial_target)
  File "C:\Users\Tcala\OneDrive\Documents\Slipstream\dbt_workspace\dbt_venv\Lib\site-packages\dbt\task\init.py", line 116, in generate_target_from_input
    target = self.generate_target_from_input(
        profile_template_local[key][choice], target
    )
  File "C:\Users\Tcala\OneDrive\Documents\Slipstream\dbt_workspace\dbt_venv\Lib\site-packages\dbt\task\init.py", line 129, in generate_target_from_input
    target[key] = click.prompt(
                  ~~~~~~~~~~~~^
        text, default=default, hide_input=hide_input, type=type
        ^^^^^^^^^^^^^^^^^^^^^^^^^^^^^^^^^^^^^^^^^^^^^^^^^^^^^^^
    )
    ^
  File "C:\Users\Tcala\OneDrive\Documents\Slipstream\dbt_workspace\dbt_venv\Lib\site-packages\click\termui.py", line 168, in prompt
    value = prompt_func(prompt)
  File "C:\Users\Tcala\OneDrive\Documents\Slipstream\dbt_workspace\dbt_venv\Lib\site-packages\click\termui.py", line 151, in prompt_func
    raise Abort() from None
click.exceptions.Abort

[0m14:24:46.481944 [debug] [MainThread]: Command `dbt init` failed at 14:24:46.481810 after 196.08 seconds
[0m14:24:46.482269 [debug] [MainThread]: Sending event: {'category': 'dbt', 'action': 'invocation', 'label': 'end', 'context': [<snowplow_tracker.self_describing_json.SelfDescribingJson object at 0x000001511F072B10>, <snowplow_tracker.self_describing_json.SelfDescribingJson object at 0x000001511D260710>, <snowplow_tracker.self_describing_json.SelfDescribingJson object at 0x000001511F0917B0>]}
[0m14:24:46.482666 [debug] [MainThread]: Flushing usage events
[0m14:24:47.530433 [debug] [MainThread]: An error was encountered while trying to flush usage events
[0m14:24:51.649539 [debug] [MainThread]: Sending event: {'category': 'dbt', 'action': 'invocation', 'label': 'start', 'context': [<snowplow_tracker.self_describing_json.SelfDescribingJson object at 0x000001BA0FBB2660>, <snowplow_tracker.self_describing_json.SelfDescribingJson object at 0x000001BA10B1F890>, <snowplow_tracker.self_describing_json.SelfDescribingJson object at 0x000001BA10D0BED0>]}


============================== 14:24:51.653211 | 397ef5ec-9a70-43dd-8f06-0865b7b33301 ==============================
[0m14:24:51.653211 [info ] [MainThread]: Running with dbt=1.9.7
[0m14:24:51.653818 [debug] [MainThread]: running dbt with arguments {'printer_width': '80', 'indirect_selection': 'eager', 'log_cache_events': 'False', 'write_json': 'True', 'partial_parse': 'True', 'cache_selected_only': 'False', 'profiles_dir': 'C:\\Users\\Tcala\\.dbt', 'fail_fast': 'False', 'warn_error': 'None', 'log_path': 'logs', 'version_check': 'True', 'debug': 'False', 'use_colors': 'True', 'use_experimental_parser': 'False', 'no_print': 'None', 'quiet': 'False', 'empty': 'None', 'log_format': 'default', 'static_parser': 'True', 'invocation_command': 'dbt init', 'introspect': 'True', 'target_path': 'None', 'warn_error_options': 'WarnErrorOptions(include=[], exclude=[])', 'send_anonymous_usage_stats': 'True'}
[0m14:24:57.955737 [info ] [MainThread]: A project called dbt_proj already exists here.
[0m14:24:57.956730 [debug] [MainThread]: Command `dbt init` succeeded at 14:24:57.956627 after 6.43 seconds
[0m14:24:57.957005 [debug] [MainThread]: Sending event: {'category': 'dbt', 'action': 'invocation', 'label': 'end', 'context': [<snowplow_tracker.self_describing_json.SelfDescribingJson object at 0x000001BA10DB8E90>, <snowplow_tracker.self_describing_json.SelfDescribingJson object at 0x000001BA10E04170>, <snowplow_tracker.self_describing_json.SelfDescribingJson object at 0x000001BA10BD5E10>]}
[0m14:24:57.957304 [debug] [MainThread]: Flushing usage events
[0m14:24:58.906460 [debug] [MainThread]: An error was encountered while trying to flush usage events
[0m14:25:30.707877 [debug] [MainThread]: Sending event: {'category': 'dbt', 'action': 'invocation', 'label': 'start', 'context': [<snowplow_tracker.self_describing_json.SelfDescribingJson object at 0x0000012176F52660>, <snowplow_tracker.self_describing_json.SelfDescribingJson object at 0x0000012177EBF890>, <snowplow_tracker.self_describing_json.SelfDescribingJson object at 0x00000121780B3ED0>]}


============================== 14:25:30.711473 | 1d493024-c128-418e-b7d2-11fef5100729 ==============================
[0m14:25:30.711473 [info ] [MainThread]: Running with dbt=1.9.7
[0m14:25:30.712037 [debug] [MainThread]: running dbt with arguments {'printer_width': '80', 'indirect_selection': 'eager', 'write_json': 'True', 'log_cache_events': 'False', 'partial_parse': 'True', 'cache_selected_only': 'False', 'warn_error': 'None', 'version_check': 'True', 'fail_fast': 'False', 'log_path': 'logs', 'debug': 'False', 'profiles_dir': 'C:\\Users\\Tcala\\.dbt', 'use_colors': 'True', 'use_experimental_parser': 'False', 'empty': 'None', 'quiet': 'False', 'no_print': 'None', 'warn_error_options': 'WarnErrorOptions(include=[], exclude=[])', 'invocation_command': 'dbt init', 'static_parser': 'True', 'introspect': 'True', 'target_path': 'None', 'log_format': 'default', 'send_anonymous_usage_stats': 'True'}
[0m14:25:39.636964 [debug] [MainThread]: Starter project path: C:\Users\Tcala\OneDrive\Documents\Slipstream\dbt_workspace\dbt_venv\Lib\site-packages\dbt\include\starter_project
[0m14:25:39.649971 [info ] [MainThread]: 
Your new dbt project "test_proj" was created!

For more information on how to configure the profiles.yml file,
please consult the dbt documentation here:

  https://docs.getdbt.com/docs/configure-your-profile

One more thing:

Need help? Don't hesitate to reach out to us via GitHub issues or on Slack:

  https://community.getdbt.com/

Happy modeling!

[0m14:25:39.650823 [info ] [MainThread]: Setting up your profile.
[0m14:26:37.471651 [error] [MainThread]: Encountered an error:

[0m14:26:37.478549 [error] [MainThread]: Traceback (most recent call last):
  File "C:\Users\Tcala\OneDrive\Documents\Slipstream\dbt_workspace\dbt_venv\Lib\site-packages\dbt\cli\requires.py", line 153, in wrapper
    result, success = func(*args, **kwargs)
                      ~~~~^^^^^^^^^^^^^^^^^
  File "C:\Users\Tcala\OneDrive\Documents\Slipstream\dbt_workspace\dbt_venv\Lib\site-packages\dbt\cli\requires.py", line 103, in wrapper
    return func(*args, **kwargs)
  File "C:\Users\Tcala\OneDrive\Documents\Slipstream\dbt_workspace\dbt_venv\Lib\site-packages\dbt\cli\main.py", line 477, in init
    results = task.run()
  File "C:\Users\Tcala\OneDrive\Documents\Slipstream\dbt_workspace\dbt_venv\Lib\site-packages\dbt\task\init.py", line 346, in run
    self.setup_profile(profile_name)
    ~~~~~~~~~~~~~~~~~~^^^^^^^^^^^^^^
  File "C:\Users\Tcala\OneDrive\Documents\Slipstream\dbt_workspace\dbt_venv\Lib\site-packages\dbt\task\init.py", line 262, in setup_profile
    self.create_profile_from_target(adapter, profile_name=profile_name)
    ~~~~~~~~~~~~~~~~~~~~~~~~~~~~~~~^^^^^^^^^^^^^^^^^^^^^^^^^^^^^^^^^^^^
  File "C:\Users\Tcala\OneDrive\Documents\Slipstream\dbt_workspace\dbt_venv\Lib\site-packages\dbt\task\init.py", line 179, in create_profile_from_target
    self.create_profile_from_profile_template(profile_template, profile_name)
    ~~~~~~~~~~~~~~~~~~~~~~~~~~~~~~~~~~~~~~~~~^^^^^^^^^^^^^^^^^^^^^^^^^^^^^^^^
  File "C:\Users\Tcala\OneDrive\Documents\Slipstream\dbt_workspace\dbt_venv\Lib\site-packages\dbt\task\init.py", line 163, in create_profile_from_profile_template
    target = self.generate_target_from_input(prompts, initial_target)
  File "C:\Users\Tcala\OneDrive\Documents\Slipstream\dbt_workspace\dbt_venv\Lib\site-packages\dbt\task\init.py", line 129, in generate_target_from_input
    target[key] = click.prompt(
                  ~~~~~~~~~~~~^
        text, default=default, hide_input=hide_input, type=type
        ^^^^^^^^^^^^^^^^^^^^^^^^^^^^^^^^^^^^^^^^^^^^^^^^^^^^^^^
    )
    ^
  File "C:\Users\Tcala\OneDrive\Documents\Slipstream\dbt_workspace\dbt_venv\Lib\site-packages\click\termui.py", line 168, in prompt
    value = prompt_func(prompt)
  File "C:\Users\Tcala\OneDrive\Documents\Slipstream\dbt_workspace\dbt_venv\Lib\site-packages\click\termui.py", line 151, in prompt_func
    raise Abort() from None
click.exceptions.Abort

[0m14:26:37.481381 [debug] [MainThread]: Command `dbt init` failed at 14:26:37.481184 after 66.86 seconds
[0m14:26:37.481725 [debug] [MainThread]: Sending event: {'category': 'dbt', 'action': 'invocation', 'label': 'end', 'context': [<snowplow_tracker.self_describing_json.SelfDescribingJson object at 0x000001217A021E00>, <snowplow_tracker.self_describing_json.SelfDescribingJson object at 0x000001217A041C70>, <snowplow_tracker.self_describing_json.SelfDescribingJson object at 0x0000012179FFD590>]}
[0m14:26:37.482079 [debug] [MainThread]: Flushing usage events
[0m14:26:38.495167 [debug] [MainThread]: An error was encountered while trying to flush usage events
[0m19:35:32.335857 [debug] [MainThread]: Sending event: {'category': 'dbt', 'action': 'invocation', 'label': 'start', 'context': [<snowplow_tracker.self_describing_json.SelfDescribingJson object at 0x00000225B68E2660>, <snowplow_tracker.self_describing_json.SelfDescribingJson object at 0x00000225B787F890>, <snowplow_tracker.self_describing_json.SelfDescribingJson object at 0x00000225B7A73ED0>]}


============================== 19:35:32.342074 | a4138466-c5c8-4e09-8dd4-1353fb7fadd6 ==============================
[0m19:35:32.342074 [info ] [MainThread]: Running with dbt=1.9.7
[0m19:35:32.342841 [debug] [MainThread]: running dbt with arguments {'printer_width': '80', 'indirect_selection': 'eager', 'log_cache_events': 'False', 'write_json': 'True', 'partial_parse': 'True', 'cache_selected_only': 'False', 'profiles_dir': 'C:\\Users\\Tcala\\.dbt', 'debug': 'False', 'fail_fast': 'False', 'log_path': 'logs', 'version_check': 'True', 'warn_error': 'None', 'use_colors': 'True', 'use_experimental_parser': 'False', 'empty': 'None', 'quiet': 'False', 'no_print': 'None', 'log_format': 'default', 'static_parser': 'True', 'warn_error_options': 'WarnErrorOptions(include=[], exclude=[])', 'invocation_command': 'dbt init', 'target_path': 'None', 'introspect': 'True', 'send_anonymous_usage_stats': 'True'}
[0m19:35:38.773099 [debug] [MainThread]: Starter project path: C:\Users\Tcala\OneDrive\Documents\Slipstream\dbt_workspace\dbt_venv\Lib\site-packages\dbt\include\starter_project
[0m19:35:38.799884 [info ] [MainThread]: 
Your new dbt project "test" was created!

For more information on how to configure the profiles.yml file,
please consult the dbt documentation here:

  https://docs.getdbt.com/docs/configure-your-profile

One more thing:

Need help? Don't hesitate to reach out to us via GitHub issues or on Slack:

  https://community.getdbt.com/

Happy modeling!

[0m19:35:38.802458 [info ] [MainThread]: Setting up your profile.
[0m12:36:13.552452 [debug] [MainThread]: Sending event: {'category': 'dbt', 'action': 'invocation', 'label': 'start', 'context': [<snowplow_tracker.self_describing_json.SelfDescribingJson object at 0x0000022C8E71F620>, <snowplow_tracker.self_describing_json.SelfDescribingJson object at 0x0000022C8F43A490>, <snowplow_tracker.self_describing_json.SelfDescribingJson object at 0x0000022C8F95BC50>]}


============================== 12:36:13.558265 | 9dcd0a85-cac5-470e-8071-bb4f1cffdde6 ==============================
[0m12:36:13.558265 [info ] [MainThread]: Running with dbt=1.10.1
[0m12:36:13.559175 [debug] [MainThread]: running dbt with arguments {'printer_width': '80', 'indirect_selection': 'eager', 'write_json': 'True', 'log_cache_events': 'False', 'partial_parse': 'True', 'cache_selected_only': 'False', 'profiles_dir': 'C:\\Users\\Tcala\\.dbt', 'fail_fast': 'False', 'warn_error': 'None', 'log_path': 'logs', 'debug': 'False', 'version_check': 'True', 'use_colors': 'True', 'use_experimental_parser': 'False', 'empty': 'None', 'quiet': 'False', 'no_print': 'None', 'warn_error_options': 'WarnErrorOptionsV2(error=[], warn=[], silence=[])', 'introspect': 'True', 'invocation_command': 'dbt init', 'static_parser': 'True', 'target_path': 'None', 'log_format': 'default', 'send_anonymous_usage_stats': 'True'}
[0m12:36:22.688672 [debug] [MainThread]: Starter project path: C:\Users\Tcala\OneDrive\Documents\Slipstream\dbt_workspace\dbt_venv\Lib\site-packages\dbt\include\starter_project
[0m12:36:22.710741 [info ] [MainThread]: 
Your new dbt project "project" was created!

For more information on how to configure the profiles.yml file,
please consult the dbt documentation here:

  https://docs.getdbt.com/docs/configure-your-profile

One more thing:

Need help? Don't hesitate to reach out to us via GitHub issues or on Slack:

  https://community.getdbt.com/

Happy modeling!

[0m12:36:22.712573 [info ] [MainThread]: Setting up your profile.
[0m12:40:18.465327 [info ] [MainThread]: Profile project written to C:\Users\Tcala\.dbt\profiles.yml using target's profile_template.yml and your supplied values. Run 'dbt debug' to validate the connection.
[0m12:40:18.466979 [debug] [MainThread]: Command `dbt init` succeeded at 12:40:18.466840 after 245.06 seconds
[0m12:40:18.467534 [debug] [MainThread]: Sending event: {'category': 'dbt', 'action': 'invocation', 'label': 'end', 'context': [<snowplow_tracker.self_describing_json.SelfDescribingJson object at 0x0000022C9183B950>, <snowplow_tracker.self_describing_json.SelfDescribingJson object at 0x0000022C8FA07AD0>, <snowplow_tracker.self_describing_json.SelfDescribingJson object at 0x0000022C91816F10>]}
[0m12:40:18.468048 [debug] [MainThread]: Flushing usage events
[0m12:40:19.535466 [debug] [MainThread]: An error was encountered while trying to flush usage events
